<?xml version="1.0" encoding="UTF-8"?>
<!-- Generated by org.testng.reporters.JUnitReportReporter -->
<testsuite hostname="DESKTOP-6BF1I8Q" failures="0" tests="3" name="Tests.TC005_SelectProductfromChandeliers" time="0.000" errors="0" timestamp="2021-05-17T15:58:04 IST" skipped="3">
  <testcase classname="Tests.TC005_SelectProductfromChandeliers" name="Login" time="0.000">
    <skipped/>
  </testcase> <!-- Login -->
  <system-out/>
  <testcase classname="Tests.TC005_SelectProductfromChandeliers" name="SelectCeilinglights" time="0.000">
    <skipped/>
  </testcase> <!-- SelectCeilinglights -->
  <system-out/>
  <testcase classname="Tests.TC005_SelectProductfromChandeliers" name="SelectProduct" time="0.000">
    <skipped/>
  </testcase> <!-- SelectProduct -->
  <system-out/>
</testsuite> <!-- Tests.TC005_SelectProductfromChandeliers -->
