<?xml version="1.0" encoding="UTF-8"?>
<!-- Generated by org.testng.reporters.JUnitReportReporter -->
<testsuite hostname="DESKTOP-6BF1I8Q" failures="0" tests="2" name="Tests.TC007_SearchProduct" time="0.000" errors="0" timestamp="2021-05-17T15:58:04 IST" skipped="2">
  <testcase classname="Tests.TC007_SearchProduct" name="Login" time="0.000">
    <skipped/>
  </testcase> <!-- Login -->
  <system-out/>
  <testcase classname="Tests.TC007_SearchProduct" name="Searchproduct" time="0.000">
    <skipped/>
  </testcase> <!-- Searchproduct -->
  <system-out/>
</testsuite> <!-- Tests.TC007_SearchProduct -->
