<?xml version="1.0" encoding="UTF-8"?>
<!-- Generated by org.testng.reporters.JUnitReportReporter -->
<testsuite hostname="DESKTOP-6BF1I8Q" failures="0" tests="1" name="Tests.TC001_AccountCreation" time="0.000" errors="0" timestamp="2021-05-17T15:58:04 IST" skipped="1">
  <testcase classname="Tests.TC001_AccountCreation" name="createAccount" time="0.000">
    <skipped/>
  </testcase> <!-- createAccount -->
  <system-out/>
</testsuite> <!-- Tests.TC001_AccountCreation -->
