<?xml version="1.0" encoding="UTF-8"?>
<!-- Generated by org.testng.reporters.JUnitReportReporter -->
<testsuite hostname="DESKTOP-6BF1I8Q" failures="0" tests="2" name="Tests.TC003_VerifyTtile" time="0.000" errors="0" timestamp="2021-05-17T15:58:04 IST" skipped="2">
  <testcase classname="Tests.TC003_VerifyTtile" name="Login" time="0.000">
    <skipped/>
  </testcase> <!-- Login -->
  <system-out/>
  <testcase classname="Tests.TC003_VerifyTtile" name="VerifyTitle" time="0.000">
    <skipped/>
  </testcase> <!-- VerifyTitle -->
  <system-out/>
</testsuite> <!-- Tests.TC003_VerifyTtile -->
